<?xml version="1.0" encoding="UTF-8"?>
<testng-results ignored="0" total="7" passed="7" failed="0" skipped="0">
  <reporter-output>
  </reporter-output>
  <suite started-at="2024-03-25T11:02:05 IST" name="Suite" finished-at="2024-03-25T11:02:11 IST" duration-ms="6473">
    <groups>
      <group name="cucumber">
        <method signature="AbstractTestNGCucumberTests.runScenario(io.cucumber.testng.PickleWrapper,io.cucumber.testng.FeatureWrapper)[pri:0, instance:tests.Runner@451001e5]" name="runScenario" class="io.cucumber.testng.AbstractTestNGCucumberTests"/>
      </group> <!-- cucumber -->
    </groups>
    <test started-at="2024-03-25T11:02:05 IST" name="Test" finished-at="2024-03-25T11:02:11 IST" duration-ms="6473">
      <class name="tests.Runner">
        <test-method is-config="true" signature="setUpClass(org.testng.ITestContext)[pri:0, instance:tests.Runner@451001e5]" started-at="2024-03-25T11:02:05 IST" name="setUpClass" finished-at="2024-03-25T11:02:06 IST" duration-ms="658" status="PASS">
          <params>
            <param index="0">
              <value>
                <![CDATA[org.testng.TestRunner@5e99e2cb]]>
              </value>
            </param>
          </params>
          <reporter-output>
          </reporter-output>
        </test-method> <!-- setUpClass -->
        <test-method signature="runScenario(io.cucumber.testng.PickleWrapper,io.cucumber.testng.FeatureWrapper)[pri:0, instance:tests.Runner@451001e5]" started-at="2024-03-25T11:02:06 IST" name="runScenario" description="Runs Cucumber Scenarios" data-provider="scenarios" finished-at="2024-03-25T11:02:08 IST" duration-ms="2254" status="PASS">
          <params>
            <param index="0">
              <value>
                <![CDATA["Featch all products details using service path products"]]>
              </value>
            </param>
            <param index="1">
              <value>
                <![CDATA["verify the product details"]]>
              </value>
            </param>
          </params>
          <reporter-output>
          </reporter-output>
        </test-method> <!-- runScenario -->
        <test-method signature="runScenario(io.cucumber.testng.PickleWrapper,io.cucumber.testng.FeatureWrapper)[pri:0, instance:tests.Runner@451001e5]" started-at="2024-03-25T11:02:08 IST" name="runScenario" description="Runs Cucumber Scenarios" data-provider="scenarios" finished-at="2024-03-25T11:02:08 IST" duration-ms="405" status="PASS">
          <params>
            <param index="0">
              <value>
                <![CDATA["Featch single product details using service path products"]]>
              </value>
            </param>
            <param index="1">
              <value>
                <![CDATA["verify the product details"]]>
              </value>
            </param>
          </params>
          <reporter-output>
          </reporter-output>
        </test-method> <!-- runScenario -->
        <test-method signature="runScenario(io.cucumber.testng.PickleWrapper,io.cucumber.testng.FeatureWrapper)[pri:0, instance:tests.Runner@451001e5]" started-at="2024-03-25T11:02:08 IST" name="runScenario" description="Runs Cucumber Scenarios" data-provider="scenarios" finished-at="2024-03-25T11:02:10 IST" duration-ms="1392" status="PASS">
          <params>
            <param index="0">
              <value>
                <![CDATA["Featch  peoducts details giving limit result"]]>
              </value>
            </param>
            <param index="1">
              <value>
                <![CDATA["verify the product details"]]>
              </value>
            </param>
          </params>
          <reporter-output>
          </reporter-output>
        </test-method> <!-- runScenario -->
        <test-method signature="runScenario(io.cucumber.testng.PickleWrapper,io.cucumber.testng.FeatureWrapper)[pri:0, instance:tests.Runner@451001e5]" started-at="2024-03-25T11:02:10 IST" name="runScenario" description="Runs Cucumber Scenarios" data-provider="scenarios" finished-at="2024-03-25T11:02:10 IST" duration-ms="395" status="PASS">
          <params>
            <param index="0">
              <value>
                <![CDATA["Featch  peoducts details giving sort result"]]>
              </value>
            </param>
            <param index="1">
              <value>
                <![CDATA["verify the product details"]]>
              </value>
            </param>
          </params>
          <reporter-output>
          </reporter-output>
        </test-method> <!-- runScenario -->
        <test-method signature="runScenario(io.cucumber.testng.PickleWrapper,io.cucumber.testng.FeatureWrapper)[pri:0, instance:tests.Runner@451001e5]" started-at="2024-03-25T11:02:10 IST" name="runScenario" description="Runs Cucumber Scenarios" data-provider="scenarios" finished-at="2024-03-25T11:02:11 IST" duration-ms="357" status="PASS">
          <params>
            <param index="0">
              <value>
                <![CDATA["Featch All categories details"]]>
              </value>
            </param>
            <param index="1">
              <value>
                <![CDATA["verify the product details"]]>
              </value>
            </param>
          </params>
          <reporter-output>
          </reporter-output>
        </test-method> <!-- runScenario -->
        <test-method signature="runScenario(io.cucumber.testng.PickleWrapper,io.cucumber.testng.FeatureWrapper)[pri:0, instance:tests.Runner@451001e5]" started-at="2024-03-25T11:02:11 IST" name="runScenario" description="Runs Cucumber Scenarios" data-provider="scenarios" finished-at="2024-03-25T11:02:11 IST" duration-ms="555" status="PASS">
          <params>
            <param index="0">
              <value>
                <![CDATA["Featch specific categories details"]]>
              </value>
            </param>
            <param index="1">
              <value>
                <![CDATA["verify the product details"]]>
              </value>
            </param>
          </params>
          <reporter-output>
          </reporter-output>
        </test-method> <!-- runScenario -->
        <test-method signature="runScenario(io.cucumber.testng.PickleWrapper,io.cucumber.testng.FeatureWrapper)[pri:0, instance:tests.Runner@451001e5]" started-at="2024-03-25T11:02:11 IST" name="runScenario" description="Runs Cucumber Scenarios" data-provider="scenarios" finished-at="2024-03-25T11:02:11 IST" duration-ms="368" status="PASS">
          <params>
            <param index="0">
              <value>
                <![CDATA["Add new Product"]]>
              </value>
            </param>
            <param index="1">
              <value>
                <![CDATA["verify the product details"]]>
              </value>
            </param>
          </params>
          <reporter-output>
          </reporter-output>
        </test-method> <!-- runScenario -->
        <test-method is-config="true" signature="tearDownClass()[pri:0, instance:tests.Runner@451001e5]" started-at="2024-03-25T11:02:11 IST" name="tearDownClass" finished-at="2024-03-25T11:02:11 IST" duration-ms="27" status="PASS">
          <reporter-output>
          </reporter-output>
        </test-method> <!-- tearDownClass -->
      </class> <!-- tests.Runner -->
    </test> <!-- Test -->
  </suite> <!-- Suite -->
</testng-results>
